[main 4f9346f] Auto-commit: 2025-09-28 22:52:44
 4 files changed, 49 insertions(+), 1 deletion(-)
 create mode 100644 auto-commit-email.log
 create mode 100755 auto-commit-loop-email.sh
fatal: unable to access 'https://github.com/bobhay75/prophecytrackerai.git/': Could not resolve host: github.com
✅ All changes committed and pushed successfully at 2025-09-28 22:52:44.
Sun Sep 28 10:52:54 PM CDT 2025: Auto-commit successful.
[main 3e89cb9] Auto-commit: 2025-09-28 22:55:32
 1 file changed, 7 insertions(+)
To https://github.com/bobhay75/prophecytrackerai.git
   2bd23d3..3e89cb9  main -> main
✅ All changes committed and pushed successfully at 2025-09-28 22:55:32.
Sun Sep 28 10:55:33 PM CDT 2025: Auto-commit successful.
[main a3b6672] Auto-commit: 2025-09-28 22:57:54
 3 files changed, 26 insertions(+), 4 deletions(-)
To https://github.com/bobhay75/prophecytrackerai.git
   922b85f..a3b6672  main -> main
✅ All changes committed and pushed successfully at 2025-09-28 22:57:54.
Sun Sep 28 10:57:55 PM CDT 2025: Auto-commit successful.
[main c834ec7] Auto-commit: 2025-09-28 23:02:55
 3 files changed, 13 insertions(+), 9 deletions(-)
 delete mode 100644 .auto-commit-loop-email.sh.swp
To https://github.com/bobhay75/prophecytrackerai.git
   c806dbb..c834ec7  main -> main
✅ All changes committed and pushed successfully at 2025-09-28 23:02:55.
Sun Sep 28 11:02:57 PM CDT 2025: Auto-commit successful.
[main 74b5eaf] Auto-commit: 2025-09-28 23:07:57
 1 file changed, 5 insertions(+)
To https://github.com/bobhay75/prophecytrackerai.git
   9f0d21a..74b5eaf  main -> main
✅ All changes committed and pushed successfully at 2025-09-28 23:07:57.
Sun Sep 28 11:07:58 PM CDT 2025: Auto-commit successful.
