nohup: ignoring input
On branch main
Your branch is up to date with 'origin/main'.

nothing to commit, working tree clean
Everything up-to-date
✅ All changes committed and pushed successfully at 2025-09-28 13:33:57.
[main 5603138] Auto-commit: 2025-09-28 13:38:58
 1 file changed, 0 insertions(+), 0 deletions(-)
To https://github.com/bobhay75/prophecytrackerai.git
   b046758..5603138  main -> main
✅ All changes committed and pushed successfully at 2025-09-28 13:38:58.
fatal: Unable to create '/home/thebobsomest1/trust-ai/projects/pr[main 0c38259] Auto-commit: 2025-09-28 22:51:05
 1 file changed, 13 insertions(+)
fatal: unable to access 'https://github.com/bobhay75/prophecytrackerai.git/': Could not resolve host: github.com
✅ All changes committed and pushed successfully at 2025-09-28 22:51:05.
[main 922b85f] Auto-commit: 2025-09-28 22:56:15
 3 files changed, 20 insertions(+)
 create mode 100644 .auto-commit-loop-email.sh.swp
To https://github.com/bobhay75/prophecytrackerai.git
   3e89cb9..922b85f  main -> main
✅ All changes committed and pushed successfully at 2025-09-28 22:56:15.
[main c806dbb] Auto-commit: 2025-09-28 23:01:16
 2 files changed, 9 insertions(+)
To https://github.com/bobhay75/prophecytrackerai.git
 ! [remote rejected] main -> main (cannot lock ref 'refs/heads/main': is at c806dbb4db7d6ad22f483fc26da67a18315f794a but expected a3b6672ecc630a0a7c923f600ff1f24dddd034fa)
error: failed to push some refs to 'https://github.com/bobhay75/prophecytrackerai.git'
✅ All changes committed and pushed successfully at 2025-09-28 23:01:16.
.
fatal: Unable to create '/home/thebobsomest1/trust-ai/projects/prophecytrackerai/.git/index.lock': File exists.

Another git process seems to be running in this repository, e.g.
an editor opened by 'git commit'. Please make sure all processes
are terminated then try again. If it still fails, a git process
may have crashed in this repository earlier:
remove the file manually to continue.
Everything up-to-date
✅ All changes committed and pushed successfully at 2025-09-28 22:56:15.
fatal: Unable to create '/home/thebobsomest1/trust-ai/projects/prophecytrackerai/.git/index.lock': File exists.

Another git process seems to be running in this repository, e.g.
an editor opened by 'git commit'. Please make sure all processes
are terminated then try again. If it still fails, a git process
may have crashed in this repository earlier:
remove the file manually to continue.
Everything up-to-date
✅ All changes committed and pushed successfully at 2025-09-28 23:01:16.
