[main 79842c1] Auto-commit: 2025-09-28 13:35:06
 4 files changed, 34 insertions(+)
 create mode 100755 auto-commit-loop-safe.sh
 create mode 100644 auto-commit-safe.log
 create mode 100644 nohup.out
To https://github.com/bobhay75/prophecytrackerai.git
   1446c6c..79842c1  main -> main
✅ All changes committed and pushed successfully at 2025-09-28 13:35:06.
Sun Sep 28 01:35:08 PM CDT 2025: Auto-commit successful.
[main 2bd23d3] Auto-commit: 2025-09-28 13:40:08
 1 file changed, 0 insertions(+), 0 deletions(-)
To https://github.com/bobhay75/prophecytrackerai.git
   5603138..2bd23d3  main -> main
✅ All changes committed and pushed successfully at 2025-09-28 13:40:08.
Sun Sep 28 01:40:15 PM CDT 2025: Auto-commit successful.
fatal: Unable to create '/home/thebobsomest1/trust-ai/projects/prophecytrackerai/.git/index.lock': File exists.

Another git process seems to be running in this repository, e.g.
an editor opened by 'git commit'. Please make sure all processes
are terminated then try again. If it still fails, a git process
may have crashed in this repository earlier:
remove the file manually to continue.
fatal: Unable to create '/home/thebobsomest1/trust-ai/projects/prophecytrackerai/.git/index.lock': File exists.

Another git process seems to be running in this repository, e.g.
an editor opened by 'git commit'. Please make sure all processes
are terminated then try again. If it still fails, a git process
may have crashed in this repository earlier:
remove the file manually to continue.
fatal: unable to access 'https://github.com/bobhay75/prophecytrackerai.git/': Could not resolve host: github.com
✅ All changes committed and pushed successfully at 2025-09-28 22:51:05.
Sun Sep 28 10:51:15 PM CDT 2025: Auto-commit successful.
fatal: Unable to create '/home/thebobsomest1/trust-ai/projects/prophecytrackerai/.git/index.lock': File exists.

Another git process seems to be running in this repository, e.g.
an editor opened by 'git commit'. Please make sure all processes
are terminated then try again. If it still fails, a git process
may have crashed in this repository earlier:
remove the file manually to continue.
fatal: Unable to create '/home/thebobsomest1/trust-ai/projects/prophecytrackerai/.git/index.lock': File exists.

Another git process seems to be running in this repository, e.g.
an editor opened by 'git commit'. Please make sure all processes
are terminated then try again. If it still fails, a git process
may have crashed in this repository earlier:
remove the file manually to continue.
Everything up-to-date
✅ All changes committed and pushed successfully at 2025-09-28 22:56:15.
Sun Sep 28 10:56:15 PM CDT 2025: Auto-commit successful.
